N047 15.90 4.24
I035 15.60 0.00
P020 14.97 2.24
Q023 14.21 2.24
P000 14.11 3.16
I030 14.11 3.61
T042 13.43 0.00
F029 13.40 4.00
W017 13.19 1.00
Y004 12.79 2.24
F010 12.52 3.00
X049 12.30 3.61
M019 12.29 3.16
J034 12.24 4.00
L012 12.24 4.00
T038 12.09 5.00
O008 11.85 2.24
L015 11.84 0.00
H021 11.83 2.24
G039 11.61 3.61
F006 11.52 3.16
H007 11.47 1.00
M003 11.43 2.00
Z045 11.08 1.00
B018 10.66 2.24
Q024 10.56 1.00
M002 10.47 0.00
J001 10.47 2.00
O037 10.45 1.41
U032 10.40 2.24
K033 10.13 1.41
X027 10.12 4.12
R044 9.99 1.41
Y009 9.93 3.00
Q036 9.81 4.00
W011 9.41 3.16
T026 9.15 0.00
M013 8.99 3.00
C048 8.84 2.24
Q046 8.71 1.00
U031 8.54 3.16
V028 8.47 2.00
J005 8.16 2.24
C025 8.00 2.83
L040 7.85 1.00
U022 7.41 4.47
S016 7.24 2.24
U041 6.24 2.24
T014 5.89 4.24
C043 5.83 2.24
